<?xml version="1.0" encoding="UTF-8"?>
<!DOCTYPE properties SYSTEM "http://java.sun.com/dtd/properties.dtd">
<properties version="1.0">
  <comment>DGIWG WMS reference implementation</comment>
  <entry key="wms">http://cite.lat-lon/deegree-webservices/services/wmsdgiwg?request=GetCapabilities&amp;service=WMS&amp;version=1.3.0</entry>
  <entry key="vector">false</entry>
  <entry key="tes" />
</properties>