<?xml version="1.0" encoding="UTF-8"?>
<!DOCTYPE properties SYSTEM "http://java.sun.com/dtd/properties.dtd">
<properties version="1.0">
  <comment>DGIWG WFS reference implementation</comment>
  <entry key="wfs">http://cite.lat-lon/deegree-webservices/services/wfsdgiwg?request=GetCapabilities&amp;service=WFS&amp;version=1.0.0</entry>
</properties>